Watching for file changes with StatReloader
C:\Users\user\Documents\Учимся\Django\FORUM_PRJ\forum_prj\settings.py changed, reloading.
Watching for file changes with StatReloader
C:\Users\user\Documents\Учимся\Django\FORUM_PRJ\forum_prj\settings.py changed, reloading.
Watching for file changes with StatReloader
C:\Users\user\Documents\Учимся\Django\FORUM_PRJ\forum_prj\settings.py changed, reloading.
Watching for file changes with StatReloader
C:\Users\user\Documents\Учимся\Django\FORUM_PRJ\forum_prj\urls.py changed, reloading.
Watching for file changes with StatReloader
C:\Users\user\Documents\Учимся\Django\FORUM_PRJ\forum_prj\urls.py changed, reloading.
Watching for file changes with StatReloader
C:\Users\user\Documents\Учимся\Django\FORUM_PRJ\forum_prj\settings.py changed, reloading.
Watching for file changes with StatReloader
C:\Users\user\Documents\Учимся\Django\FORUM_PRJ\forum_prj\settings.py changed, reloading.
Watching for file changes with StatReloader
C:\Users\user\Documents\Учимся\Django\FORUM_PRJ\forum_prj\settings.py changed, reloading.
INFO 2023-02-20 15:37:45 Watching for file changes with StatReloader
WARNING 2023-02-20 16:54:44 Not Found: /фзш
WARNING 2023-02-20 16:54:44 "GET /%D1%84%D0%B7%D1%88 HTTP/1.1" 404 4756
INFO 2023-02-20 16:54:48 "GET /api/ HTTP/1.1" 200 5333
INFO 2023-02-20 16:56:16 C:\Users\user\Documents\Учимся\Django\FORUM_PRJ\api\views.py changed, reloading.
INFO 2023-02-20 16:56:17 Watching for file changes with StatReloader
INFO 2023-02-20 16:56:21 C:\Users\user\Documents\Учимся\Django\FORUM_PRJ\api\views.py changed, reloading.
INFO 2023-02-20 16:56:22 Watching for file changes with StatReloader
INFO 2023-02-20 16:56:55 C:\Users\user\Documents\Учимся\Django\FORUM_PRJ\api\views.py changed, reloading.
INFO 2023-02-20 16:56:56 Watching for file changes with StatReloader
INFO 2023-02-20 16:56:59 C:\Users\user\Documents\Учимся\Django\FORUM_PRJ\api\views.py changed, reloading.
INFO 2023-02-20 16:57:00 Watching for file changes with StatReloader
INFO 2023-02-20 16:57:06 C:\Users\user\Documents\Учимся\Django\FORUM_PRJ\api\views.py changed, reloading.
INFO 2023-02-20 16:57:07 Watching for file changes with StatReloader
INFO 2023-02-20 16:57:10 C:\Users\user\Documents\Учимся\Django\FORUM_PRJ\api\views.py changed, reloading.
INFO 2023-02-20 16:57:11 Watching for file changes with StatReloader
INFO 2023-02-20 16:57:14 C:\Users\user\Documents\Учимся\Django\FORUM_PRJ\api\views.py changed, reloading.
INFO 2023-02-20 16:57:15 Watching for file changes with StatReloader
INFO 2023-02-20 16:57:18 C:\Users\user\Documents\Учимся\Django\FORUM_PRJ\api\views.py changed, reloading.
INFO 2023-02-20 16:57:19 Watching for file changes with StatReloader
WARNING 2023-02-20 16:57:38 Not Found: /api/limit
WARNING 2023-02-20 16:57:38 "GET /api/limit HTTP/1.1" 404 6823
INFO 2023-02-20 16:59:13 C:\Users\user\Documents\Учимся\Django\FORUM_PRJ\api\views.py changed, reloading.
INFO 2023-02-20 16:59:14 Watching for file changes with StatReloader
INFO 2023-02-20 16:59:22 C:\Users\user\Documents\Учимся\Django\FORUM_PRJ\api\views.py changed, reloading.
INFO 2023-02-20 16:59:23 Watching for file changes with StatReloader
INFO 2023-02-20 17:00:39 Watching for file changes with StatReloader
WARNING 2023-02-20 17:00:49 Not Found: /api/limit
WARNING 2023-02-20 17:00:49 "GET /api/limit HTTP/1.1" 404 6823
WARNING 2023-02-20 17:00:55 Not Found: /limit
WARNING 2023-02-20 17:00:55 "GET /limit HTTP/1.1" 404 4741
INFO 2023-02-20 17:01:24 "GET /api/checkbox/limit HTTP/1.1" 301 0
INFO 2023-02-20 17:01:24 "GET /api/checkbox/limit/ HTTP/1.1" 200 6013
INFO 2023-02-20 17:02:00 C:\Users\user\Documents\Учимся\Django\FORUM_PRJ\api\views.py changed, reloading.
INFO 2023-02-20 17:02:01 Watching for file changes with StatReloader
INFO 2023-02-20 17:02:05 C:\Users\user\Documents\Учимся\Django\FORUM_PRJ\api\views.py changed, reloading.
INFO 2023-02-20 17:02:06 Watching for file changes with StatReloader
INFO 2023-02-20 17:02:09 C:\Users\user\Documents\Учимся\Django\FORUM_PRJ\api\views.py changed, reloading.
INFO 2023-02-20 17:02:10 Watching for file changes with StatReloader
INFO 2023-02-20 17:02:12 C:\Users\user\Documents\Учимся\Django\FORUM_PRJ\api\views.py changed, reloading.
INFO 2023-02-20 17:02:13 Watching for file changes with StatReloader
INFO 2023-02-20 17:02:18 C:\Users\user\Documents\Учимся\Django\FORUM_PRJ\api\views.py changed, reloading.
INFO 2023-02-20 17:02:19 Watching for file changes with StatReloader
INFO 2023-02-20 17:02:25 C:\Users\user\Documents\Учимся\Django\FORUM_PRJ\api\views.py changed, reloading.
INFO 2023-02-20 17:02:26 Watching for file changes with StatReloader
INFO 2023-02-20 17:02:29 C:\Users\user\Documents\Учимся\Django\FORUM_PRJ\api\views.py changed, reloading.
INFO 2023-02-20 17:02:30 Watching for file changes with StatReloader
INFO 2023-02-20 17:02:35 C:\Users\user\Documents\Учимся\Django\FORUM_PRJ\api\views.py changed, reloading.
INFO 2023-02-20 17:02:36 Watching for file changes with StatReloader
INFO 2023-02-20 17:02:37 "GET /api/checkbox/limit/ HTTP/1.1" 200 6013
INFO 2023-02-20 17:03:33 C:\Users\user\Documents\Учимся\Django\FORUM_PRJ\api\views.py changed, reloading.
INFO 2023-02-20 17:03:34 Watching for file changes with StatReloader
INFO 2023-02-20 17:04:18 C:\Users\user\Documents\Учимся\Django\FORUM_PRJ\api\views.py changed, reloading.
INFO 2023-02-20 17:04:19 Watching for file changes with StatReloader
INFO 2023-02-20 17:04:28 C:\Users\user\Documents\Учимся\Django\FORUM_PRJ\api\views.py changed, reloading.
INFO 2023-02-20 17:04:30 Watching for file changes with StatReloader
INFO 2023-02-20 17:04:40 C:\Users\user\Documents\Учимся\Django\FORUM_PRJ\api\views.py changed, reloading.
INFO 2023-02-20 17:04:41 Watching for file changes with StatReloader
INFO 2023-02-20 17:04:46 C:\Users\user\Documents\Учимся\Django\FORUM_PRJ\api\views.py changed, reloading.
INFO 2023-02-20 17:04:47 Watching for file changes with StatReloader
INFO 2023-02-20 17:04:57 C:\Users\user\Documents\Учимся\Django\FORUM_PRJ\api\views.py changed, reloading.
INFO 2023-02-20 17:04:59 Watching for file changes with StatReloader
INFO 2023-02-20 17:05:06 "GET /api/checkbox/limit/ HTTP/1.1" 200 6013
INFO 2023-02-20 17:05:40 C:\Users\user\Documents\Учимся\Django\FORUM_PRJ\api\views.py changed, reloading.
INFO 2023-02-20 17:05:41 Watching for file changes with StatReloader
INFO 2023-02-20 17:05:56 params: <QueryDict: {}>
INFO 2023-02-20 17:05:56 "GET /api/checkbox/limit/ HTTP/1.1" 200 6013
INFO 2023-02-20 17:07:31 C:\Users\user\Documents\Учимся\Django\FORUM_PRJ\api\views.py changed, reloading.
INFO 2023-02-20 17:07:33 Watching for file changes with StatReloader
INFO 2023-02-20 17:07:45 C:\Users\user\Documents\Учимся\Django\FORUM_PRJ\api\views.py changed, reloading.
INFO 2023-02-20 17:07:46 Watching for file changes with StatReloader
INFO 2023-02-20 17:08:09 params: <QueryDict: {}>
INFO 2023-02-20 17:08:09 "GET /api/checkbox/limit/ HTTP/1.1" 200 6013
INFO 2023-02-20 17:10:26 params: <QueryDict: {'a': ['2']}>
INFO 2023-02-20 17:10:26 "GET /api/checkbox/limit/?a=2 HTTP/1.1" 200 6083
INFO 2023-02-20 17:11:08 C:\Users\user\Documents\Учимся\Django\FORUM_PRJ\api\views.py changed, reloading.
INFO 2023-02-20 17:11:09 Watching for file changes with StatReloader
INFO 2023-02-20 17:11:12 C:\Users\user\Documents\Учимся\Django\FORUM_PRJ\api\views.py changed, reloading.
INFO 2023-02-20 17:11:13 Watching for file changes with StatReloader
WARNING 2023-02-20 17:11:22 params: <QueryDict: {'a': ['2']}>
INFO 2023-02-20 17:11:22 "GET /api/checkbox/limit/?a=2 HTTP/1.1" 200 6083
INFO 2023-02-20 17:15:20 C:\Users\user\Documents\Учимся\Django\FORUM_PRJ\api\views.py changed, reloading.
INFO 2023-02-20 17:15:21 Watching for file changes with StatReloader
INFO 2023-02-20 17:15:24 C:\Users\user\Documents\Учимся\Django\FORUM_PRJ\api\views.py changed, reloading.
INFO 2023-02-20 17:15:25 Watching for file changes with StatReloader
INFO 2023-02-20 17:15:27 C:\Users\user\Documents\Учимся\Django\FORUM_PRJ\api\views.py changed, reloading.
INFO 2023-02-20 17:15:28 Watching for file changes with StatReloader
INFO 2023-02-20 17:15:30 C:\Users\user\Documents\Учимся\Django\FORUM_PRJ\api\views.py changed, reloading.
INFO 2023-02-20 17:15:30 Watching for file changes with StatReloader
INFO 2023-02-20 17:15:36 C:\Users\user\Documents\Учимся\Django\FORUM_PRJ\api\views.py changed, reloading.
INFO 2023-02-20 17:15:37 Watching for file changes with StatReloader
INFO 2023-02-20 17:15:39 C:\Users\user\Documents\Учимся\Django\FORUM_PRJ\api\views.py changed, reloading.
INFO 2023-02-20 17:15:40 Watching for file changes with StatReloader
INFO 2023-02-20 17:15:42 C:\Users\user\Documents\Учимся\Django\FORUM_PRJ\api\views.py changed, reloading.
INFO 2023-02-20 17:15:42 Watching for file changes with StatReloader
INFO 2023-02-20 17:15:46 C:\Users\user\Documents\Учимся\Django\FORUM_PRJ\api\views.py changed, reloading.
INFO 2023-02-20 17:15:47 Watching for file changes with StatReloader
INFO 2023-02-20 17:15:52 C:\Users\user\Documents\Учимся\Django\FORUM_PRJ\api\views.py changed, reloading.
INFO 2023-02-20 17:15:53 Watching for file changes with StatReloader
INFO 2023-02-20 17:15:56 C:\Users\user\Documents\Учимся\Django\FORUM_PRJ\api\views.py changed, reloading.
INFO 2023-02-20 17:15:57 Watching for file changes with StatReloader
INFO 2023-02-20 17:16:03 C:\Users\user\Documents\Учимся\Django\FORUM_PRJ\api\views.py changed, reloading.
INFO 2023-02-20 17:16:04 Watching for file changes with StatReloader
INFO 2023-02-20 17:17:19 C:\Users\user\Documents\Учимся\Django\FORUM_PRJ\forum_prj\settings.py changed, reloading.
INFO 2023-02-20 17:17:34 Watching for file changes with StatReloader
INFO 2023-02-20 17:17:41 "GET /api/checkbox/limit/?a=2 HTTP/1.1" 200 6083
INFO 2023-02-20 18:26:57 Watching for file changes with StatReloader
INFO 2023-02-20 18:27:17 Watching for file changes with StatReloader
INFO 2023-02-20 18:36:00 "GET /api/checkbox/limit/?a=2 HTTP/1.1" 200 6083
INFO 2023-02-20 18:36:02 "GET /api/ HTTP/1.1" 200 5333
INFO 2023-02-22 11:44:01 Watching for file changes with StatReloader
INFO 2023-02-22 12:37:57 Watching for file changes with StatReloader
INFO 2023-02-22 12:38:08 "GET / HTTP/1.1" 200 11486
WARNING 2023-02-22 12:38:08 Not Found: /favicon.ico
INFO 2023-02-22 12:38:08 - Broken pipe from ('127.0.0.1', 56326)
INFO 2023-02-22 12:38:19 "GET /logout/ HTTP/1.1" 200 1826
INFO 2023-02-22 12:38:20 "GET /login/ HTTP/1.1" 200 2769
INFO 2023-02-22 12:38:24 "POST /login/ HTTP/1.1" 302 0
INFO 2023-02-22 12:38:24 "GET / HTTP/1.1" 200 10425
WARNING 2023-02-22 12:38:59 Not Found: /checkbox
WARNING 2023-02-22 12:38:59 "GET /checkbox HTTP/1.1" 404 4750
WARNING 2023-02-22 12:39:08 Not Found: /checkbox_list
WARNING 2023-02-22 12:39:08 "GET /checkbox_list HTTP/1.1" 404 4765
INFO 2023-02-22 12:39:20 - Broken pipe from ('127.0.0.1', 56369)
INFO 2023-02-22 12:39:20 "GET /api/checkbox/ HTTP/1.1" 200 10762
INFO 2023-02-22 12:39:20 "GET /static/rest_framework/css/bootstrap-tweaks.css HTTP/1.1" 304 0
INFO 2023-02-22 12:39:20 "GET /static/rest_framework/css/prettify.css HTTP/1.1" 304 0
INFO 2023-02-22 12:39:20 "GET /static/rest_framework/js/jquery-3.5.1.min.js HTTP/1.1" 304 0
INFO 2023-02-22 12:39:20 "GET /static/rest_framework/css/default.css HTTP/1.1" 304 0
INFO 2023-02-22 12:39:20 "GET /static/rest_framework/js/csrf.js HTTP/1.1" 304 0
INFO 2023-02-22 12:39:20 "GET /static/rest_framework/js/ajax-form.js HTTP/1.1" 304 0
INFO 2023-02-22 12:39:20 "GET /static/rest_framework/js/bootstrap.min.js HTTP/1.1" 304 0
INFO 2023-02-22 12:39:20 "GET /static/rest_framework/js/prettify-min.js HTTP/1.1" 304 0
INFO 2023-02-22 12:39:20 "GET /static/rest_framework/js/default.js HTTP/1.1" 304 0
INFO 2023-02-22 12:39:20 "GET /static/rest_framework/css/bootstrap.min.css HTTP/1.1" 200 121457
INFO 2023-02-22 12:39:20 "GET /static/rest_framework/img/grid.png HTTP/1.1" 200 1458
INFO 2023-02-22 12:40:39 Watching for file changes with StatReloader
INFO 2023-02-22 13:00:25 Watching for file changes with StatReloader
INFO 2023-02-22 13:00:31 "GET / HTTP/1.1" 200 10425
INFO 2023-02-22 13:00:41 "GET /create_post HTTP/1.1" 302 0
INFO 2023-02-22 13:00:41 "GET /login/?next=/create_post HTTP/1.1" 200 2756
INFO 2023-02-22 13:00:49 "POST /login/?next=/create_post HTTP/1.1" 302 0
INFO 2023-02-22 13:00:49 "GET /create_post HTTP/1.1" 200 2433
INFO 2023-02-22 13:00:54 "POST /create_post HTTP/1.1" 302 0
INFO 2023-02-22 13:00:55 "GET / HTTP/1.1" 200 12080
INFO 2023-02-22 13:14:38 C:\Users\user\Documents\Учимся\Django\FORUM_PRJ\service\views.py changed, reloading.
INFO 2023-02-22 13:14:39 Watching for file changes with StatReloader
INFO 2023-02-22 13:14:43 "GET /create_post HTTP/1.1" 200 2433
INFO 2023-02-22 13:14:46 "POST /create_post HTTP/1.1" 302 0
INFO 2023-02-22 13:14:46 "GET / HTTP/1.1" 200 12510
INFO 2023-02-22 13:15:03 C:\Users\user\Documents\Учимся\Django\FORUM_PRJ\service\views.py changed, reloading.
INFO 2023-02-22 13:15:04 Watching for file changes with StatReloader
INFO 2023-02-22 13:15:07 "GET /post/22 HTTP/1.1" 200 2008
INFO 2023-02-22 13:15:08 "GET /post/22/add_comment HTTP/1.1" 200 2068
INFO 2023-02-22 13:15:11 "POST /post/22/add_comment HTTP/1.1" 302 0
INFO 2023-02-22 13:15:11 "GET / HTTP/1.1" 200 12322
INFO 2023-02-22 13:15:13 "GET /post/22 HTTP/1.1" 200 2127
INFO 2023-02-22 13:15:18 "GET /post/22/add_comment HTTP/1.1" 200 2068
INFO 2023-02-22 13:15:22 "POST /post/22/add_comment HTTP/1.1" 302 0
INFO 2023-02-22 13:15:22 "GET / HTTP/1.1" 200 12322
INFO 2023-02-22 13:15:23 "GET /post/22 HTTP/1.1" 200 2209
INFO 2023-02-22 13:16:47 "GET /post/22 HTTP/1.1" 200 2209
INFO 2023-02-22 13:16:54 "GET /post/22/add_comment HTTP/1.1" 200 2068
INFO 2023-02-22 13:16:58 "POST /post/22/add_comment HTTP/1.1" 302 0
INFO 2023-02-22 13:16:58 "GET / HTTP/1.1" 200 12322
INFO 2023-02-22 13:17:03 "GET /post/22 HTTP/1.1" 200 2291
INFO 2023-02-22 13:17:51 C:\Users\user\Documents\Учимся\Django\FORUM_PRJ\service\urls.py changed, reloading.
INFO 2023-02-22 13:17:51 Watching for file changes with StatReloader
INFO 2023-02-22 13:17:54 C:\Users\user\Documents\Учимся\Django\FORUM_PRJ\service\urls.py changed, reloading.
INFO 2023-02-22 13:17:55 Watching for file changes with StatReloader
INFO 2023-02-22 13:17:59 C:\Users\user\Documents\Учимся\Django\FORUM_PRJ\service\urls.py changed, reloading.
INFO 2023-02-22 13:18:00 Watching for file changes with StatReloader
INFO 2023-02-22 13:18:19 C:\Users\user\Documents\Учимся\Django\FORUM_PRJ\service\views.py changed, reloading.
INFO 2023-02-22 13:18:20 Watching for file changes with StatReloader
INFO 2023-02-22 13:18:27 C:\Users\user\Documents\Учимся\Django\FORUM_PRJ\service\views.py changed, reloading.
INFO 2023-02-22 13:18:28 Watching for file changes with StatReloader
INFO 2023-02-22 13:18:32 C:\Users\user\Documents\Учимся\Django\FORUM_PRJ\service\views.py changed, reloading.
INFO 2023-02-22 13:18:33 Watching for file changes with StatReloader
INFO 2023-02-22 13:18:38 C:\Users\user\Documents\Учимся\Django\FORUM_PRJ\service\views.py changed, reloading.
INFO 2023-02-22 13:18:39 Watching for file changes with StatReloader
INFO 2023-02-22 13:18:43 C:\Users\user\Documents\Учимся\Django\FORUM_PRJ\service\views.py changed, reloading.
INFO 2023-02-22 13:18:44 Watching for file changes with StatReloader
INFO 2023-02-22 13:18:49 C:\Users\user\Documents\Учимся\Django\FORUM_PRJ\service\views.py changed, reloading.
INFO 2023-02-22 13:18:50 Watching for file changes with StatReloader
INFO 2023-02-22 13:19:13 C:\Users\user\Documents\Учимся\Django\FORUM_PRJ\service\views.py changed, reloading.
INFO 2023-02-22 13:19:14 Watching for file changes with StatReloader
INFO 2023-02-22 13:21:41 C:\Users\user\Documents\Учимся\Django\FORUM_PRJ\service\models.py changed, reloading.
INFO 2023-02-22 13:21:42 Watching for file changes with StatReloader
INFO 2023-02-22 13:22:07 "GET /delete_post/22 HTTP/1.1" 200 2001
INFO 2023-02-22 13:22:10 "POST /delete_post/22 HTTP/1.1" 302 0
INFO 2023-02-22 13:22:10 "GET / HTTP/1.1" 200 11903
INFO 2023-02-22 13:22:16 "GET /upload HTTP/1.1" 200 1991
INFO 2023-02-22 13:22:18 "GET /download HTTP/1.1" 200 5807
INFO 2023-02-22 13:22:30 "GET /delete_post/21 HTTP/1.1" 200 2003
INFO 2023-02-22 13:22:33 "GET /post/21 HTTP/1.1" 200 2008
INFO 2023-02-22 13:22:35 "GET /delete_post/21 HTTP/1.1" 200 2003
INFO 2023-02-22 13:22:36 "POST /delete_post/21 HTTP/1.1" 302 0
INFO 2023-02-22 13:22:36 "GET / HTTP/1.1" 200 11484
INFO 2023-02-22 13:22:38 "GET /delete_post/19 HTTP/1.1" 200 2002
INFO 2023-02-22 13:22:40 "POST /delete_post/19 HTTP/1.1" 302 0
INFO 2023-02-22 13:22:40 "GET / HTTP/1.1" 200 11063
INFO 2023-02-22 13:22:41 "GET /delete_post/20 HTTP/1.1" 200 2002
INFO 2023-02-22 13:22:43 "POST /delete_post/20 HTTP/1.1" 302 0
INFO 2023-02-22 13:22:43 "GET / HTTP/1.1" 200 10639
INFO 2023-02-22 13:22:44 "GET /delete_post/18 HTTP/1.1" 200 2003
INFO 2023-02-22 13:22:45 "POST /delete_post/18 HTTP/1.1" 302 0
INFO 2023-02-22 13:22:45 "GET / HTTP/1.1" 200 10219
INFO 2023-02-22 13:22:46 "GET /delete_post/17 HTTP/1.1" 200 2001
INFO 2023-02-22 13:22:47 "POST /delete_post/17 HTTP/1.1" 302 0
INFO 2023-02-22 13:22:47 "GET / HTTP/1.1" 200 9800
INFO 2023-02-22 13:22:52 "GET /upload HTTP/1.1" 200 1991
INFO 2023-02-22 13:22:54 "GET /download HTTP/1.1" 200 5582
INFO 2023-02-22 13:22:57 "GET / HTTP/1.1" 200 9800
INFO 2023-02-22 13:22:59 "GET /about HTTP/1.1" 200 2344
INFO 2023-02-22 13:23:01 "GET / HTTP/1.1" 200 9800
INFO 2023-02-22 13:23:04 "GET /logout/ HTTP/1.1" 200 1826
INFO 2023-02-22 13:23:05 "GET /login/ HTTP/1.1" 200 2769
INFO 2023-02-22 13:23:07 "GET /register HTTP/1.1" 200 3871
INFO 2023-02-22 13:23:44 "POST /register HTTP/1.1" 200 4253
INFO 2023-02-22 13:24:08 "POST /register HTTP/1.1" 200 4111
INFO 2023-02-22 13:24:26 "POST /register HTTP/1.1" 302 0
INFO 2023-02-22 13:24:26 "GET /login/ HTTP/1.1" 200 2920
INFO 2023-02-22 13:25:00 "POST /login/ HTTP/1.1" 302 0
INFO 2023-02-22 13:25:00 "GET / HTTP/1.1" 200 9187
INFO 2023-02-22 13:25:06 "GET /logout/ HTTP/1.1" 200 1826
INFO 2023-02-22 13:25:13 "GET / HTTP/1.1" 200 9200
INFO 2023-02-22 13:25:20 "GET /login/ HTTP/1.1" 200 2769
INFO 2023-02-22 13:25:23 "POST /login/ HTTP/1.1" 302 0
INFO 2023-02-22 13:25:24 "GET / HTTP/1.1" 200 9800
INFO 2023-03-30 14:11:27 Watching for file changes with StatReloader
INFO 2023-03-30 14:12:13 "GET / HTTP/1.1" 200 2950
WARNING 2023-03-30 14:12:13 Not Found: /favicon.ico
INFO 2023-03-30 14:12:13 - Broken pipe from ('127.0.0.1', 59963)
INFO 2023-03-30 14:12:17 "GET /create_post HTTP/1.1" 200 2529
INFO 2023-03-30 14:14:00 C:\Users\user\Documents\Учимся\Django\FORUM_PRJ\service\models.py changed, reloading.
INFO 2023-03-30 14:14:01 Watching for file changes with StatReloader
INFO 2023-03-30 14:14:09 C:\Users\user\Documents\Учимся\Django\FORUM_PRJ\service\models.py changed, reloading.
INFO 2023-03-30 14:14:10 Watching for file changes with StatReloader
INFO 2023-03-30 14:14:13 "GET /create_post HTTP/1.1" 200 2552
INFO 2023-03-30 14:14:30 "GET / HTTP/1.1" 200 2950
INFO 2023-03-30 14:14:32 "GET / HTTP/1.1" 200 2950
INFO 2023-03-30 14:14:34 "GET /post/30 HTTP/1.1" 200 2006
INFO 2023-03-30 14:14:38 "GET /post/30 HTTP/1.1" 200 2006
INFO 2023-03-30 14:14:43 "GET /update_post/30 HTTP/1.1" 200 2561
INFO 2023-03-30 14:14:52 "POST /update_post/30 HTTP/1.1" 302 0
INFO 2023-03-30 14:14:52 "GET / HTTP/1.1" 200 2950
INFO 2023-03-30 14:14:57 "GET /post/30 HTTP/1.1" 200 2071
INFO 2023-03-30 14:14:57 "GET /media/1136s_QuTVOGX.jpg HTTP/1.1" 200 28219
INFO 2023-03-30 14:15:12 "GET /post/30 HTTP/1.1" 200 2071
INFO 2023-03-30 14:15:12 "GET /media/1136s_QuTVOGX.jpg HTTP/1.1" 304 0
INFO 2023-03-30 14:15:25 "GET /update_post/30 HTTP/1.1" 200 2746
INFO 2023-03-30 14:17:18 "GET /post/30 HTTP/1.1" 200 2071
INFO 2023-03-30 14:17:18 "GET /media/1136s_QuTVOGX.jpg HTTP/1.1" 304 0
INFO 2023-03-30 14:17:30 "GET /post/30/add_comment HTTP/1.1" 200 2104
INFO 2023-03-30 14:17:32 "POST /post/30/add_comment HTTP/1.1" 302 0
INFO 2023-03-30 14:17:32 "GET / HTTP/1.1" 200 2950
INFO 2023-03-30 14:17:34 "GET /post/30 HTTP/1.1" 200 2192
INFO 2023-03-30 14:17:34 "GET /media/1136s_QuTVOGX.jpg HTTP/1.1" 200 28219
INFO 2023-03-30 14:17:40 "GET /post/30/add_comment HTTP/1.1" 200 2104
INFO 2023-03-30 14:17:42 "POST /post/30/add_comment HTTP/1.1" 302 0
INFO 2023-03-30 14:17:42 "GET / HTTP/1.1" 200 2950
INFO 2023-03-30 14:17:43 "GET /post/30 HTTP/1.1" 200 2267
INFO 2023-03-30 14:17:48 "GET /post/30/add_comment HTTP/1.1" 200 2104
INFO 2023-03-30 14:21:15 "GET /post/30 HTTP/1.1" 200 2267
INFO 2023-03-30 14:21:15 "GET /media/1136s_QuTVOGX.jpg HTTP/1.1" 304 0
ERROR 2023-03-30 14:21:16 Internal Server Error: /post/30/add_comment
Traceback (most recent call last):
  File "C:\Users\user\Documents\Учимся\Django\FORUM_PRJ\venv\Lib\site-packages\django\core\handlers\exception.py", line 55, in inner
    response = get_response(request)
               ^^^^^^^^^^^^^^^^^^^^^
  File "C:\Users\user\Documents\Учимся\Django\FORUM_PRJ\venv\Lib\site-packages\django\core\handlers\base.py", line 220, in _get_response
    response = response.render()
               ^^^^^^^^^^^^^^^^^
  File "C:\Users\user\Documents\Учимся\Django\FORUM_PRJ\venv\Lib\site-packages\django\template\response.py", line 114, in render
    self.content = self.rendered_content
                   ^^^^^^^^^^^^^^^^^^^^^
  File "C:\Users\user\Documents\Учимся\Django\FORUM_PRJ\venv\Lib\site-packages\django\template\response.py", line 92, in rendered_content
    return template.render(context, self._request)
           ^^^^^^^^^^^^^^^^^^^^^^^^^^^^^^^^^^^^^^^
  File "C:\Users\user\Documents\Учимся\Django\FORUM_PRJ\venv\Lib\site-packages\django\template\backends\django.py", line 62, in render
    return self.template.render(context)
           ^^^^^^^^^^^^^^^^^^^^^^^^^^^^^
  File "C:\Users\user\Documents\Учимся\Django\FORUM_PRJ\venv\Lib\site-packages\django\template\base.py", line 175, in render
    return self._render(context)
           ^^^^^^^^^^^^^^^^^^^^^
  File "C:\Users\user\Documents\Учимся\Django\FORUM_PRJ\venv\Lib\site-packages\django\template\base.py", line 167, in _render
    return self.nodelist.render(context)
           ^^^^^^^^^^^^^^^^^^^^^^^^^^^^^
  File "C:\Users\user\Documents\Учимся\Django\FORUM_PRJ\venv\Lib\site-packages\django\template\base.py", line 1005, in render
    return SafeString("".join([node.render_annotated(context) for node in self]))
                              ^^^^^^^^^^^^^^^^^^^^^^^^^^^^^^^^^^^^^^^^^^^^^^^^^
  File "C:\Users\user\Documents\Учимся\Django\FORUM_PRJ\venv\Lib\site-packages\django\template\base.py", line 1005, in <listcomp>
    return SafeString("".join([node.render_annotated(context) for node in self]))
                               ^^^^^^^^^^^^^^^^^^^^^^^^^^^^^^
  File "C:\Users\user\Documents\Учимся\Django\FORUM_PRJ\venv\Lib\site-packages\django\template\base.py", line 966, in render_annotated
    return self.render(context)
           ^^^^^^^^^^^^^^^^^^^^
  File "C:\Users\user\Documents\Учимся\Django\FORUM_PRJ\venv\Lib\site-packages\django\template\loader_tags.py", line 157, in render
    return compiled_parent._render(context)
           ^^^^^^^^^^^^^^^^^^^^^^^^^^^^^^^^
  File "C:\Users\user\Documents\Учимся\Django\FORUM_PRJ\venv\Lib\site-packages\django\template\base.py", line 167, in _render
    return self.nodelist.render(context)
           ^^^^^^^^^^^^^^^^^^^^^^^^^^^^^
  File "C:\Users\user\Documents\Учимся\Django\FORUM_PRJ\venv\Lib\site-packages\django\template\base.py", line 1005, in render
    return SafeString("".join([node.render_annotated(context) for node in self]))
                              ^^^^^^^^^^^^^^^^^^^^^^^^^^^^^^^^^^^^^^^^^^^^^^^^^
  File "C:\Users\user\Documents\Учимся\Django\FORUM_PRJ\venv\Lib\site-packages\django\template\base.py", line 1005, in <listcomp>
    return SafeString("".join([node.render_annotated(context) for node in self]))
                               ^^^^^^^^^^^^^^^^^^^^^^^^^^^^^^
  File "C:\Users\user\Documents\Учимся\Django\FORUM_PRJ\venv\Lib\site-packages\django\template\base.py", line 966, in render_annotated
    return self.render(context)
           ^^^^^^^^^^^^^^^^^^^^
  File "C:\Users\user\Documents\Учимся\Django\FORUM_PRJ\venv\Lib\site-packages\django\template\loader_tags.py", line 63, in render
    result = block.nodelist.render(context)
             ^^^^^^^^^^^^^^^^^^^^^^^^^^^^^^
  File "C:\Users\user\Documents\Учимся\Django\FORUM_PRJ\venv\Lib\site-packages\django\template\base.py", line 1005, in render
    return SafeString("".join([node.render_annotated(context) for node in self]))
                              ^^^^^^^^^^^^^^^^^^^^^^^^^^^^^^^^^^^^^^^^^^^^^^^^^
  File "C:\Users\user\Documents\Учимся\Django\FORUM_PRJ\venv\Lib\site-packages\django\template\base.py", line 1005, in <listcomp>
    return SafeString("".join([node.render_annotated(context) for node in self]))
                               ^^^^^^^^^^^^^^^^^^^^^^^^^^^^^^
  File "C:\Users\user\Documents\Учимся\Django\FORUM_PRJ\venv\Lib\site-packages\django\template\base.py", line 966, in render_annotated
    return self.render(context)
           ^^^^^^^^^^^^^^^^^^^^
  File "C:\Users\user\Documents\Учимся\Django\FORUM_PRJ\venv\Lib\site-packages\django\template\defaulttags.py", line 472, in render
    url = reverse(view_name, args=args, kwargs=kwargs, current_app=current_app)
          ^^^^^^^^^^^^^^^^^^^^^^^^^^^^^^^^^^^^^^^^^^^^^^^^^^^^^^^^^^^^^^^^^^^^^
  File "C:\Users\user\Documents\Учимся\Django\FORUM_PRJ\venv\Lib\site-packages\django\urls\base.py", line 88, in reverse
    return resolver._reverse_with_prefix(view, prefix, *args, **kwargs)
           ^^^^^^^^^^^^^^^^^^^^^^^^^^^^^^^^^^^^^^^^^^^^^^^^^^^^^^^^^^^^
  File "C:\Users\user\Documents\Учимся\Django\FORUM_PRJ\venv\Lib\site-packages\django\urls\resolvers.py", line 828, in _reverse_with_prefix
    raise NoReverseMatch(msg)
django.urls.exceptions.NoReverseMatch: Reverse for 'detail_post' with arguments '('',)' not found. 1 pattern(s) tried: ['post/(?P<pk>[0-9]+)\\Z']
ERROR 2023-03-30 14:21:16 "GET /post/30/add_comment HTTP/1.1" 500 163866
INFO 2023-03-30 14:22:03 "GET /post/30 HTTP/1.1" 200 2267
INFO 2023-03-30 14:22:03 "GET /media/1136s_QuTVOGX.jpg HTTP/1.1" 304 0
INFO 2023-03-30 14:22:05 "GET /post/30/add_comment HTTP/1.1" 200 2104
INFO 2023-03-30 14:22:38 "POST /post/30/add_comment HTTP/1.1" 302 0
INFO 2023-03-30 14:22:38 "GET / HTTP/1.1" 200 2950
INFO 2023-03-30 14:22:41 "GET /post/30 HTTP/1.1" 200 2339
ERROR 2023-03-30 14:22:43 Internal Server Error: /post/30/add_comment
Traceback (most recent call last):
  File "C:\Users\user\Documents\Учимся\Django\FORUM_PRJ\venv\Lib\site-packages\django\core\handlers\exception.py", line 55, in inner
    response = get_response(request)
               ^^^^^^^^^^^^^^^^^^^^^
  File "C:\Users\user\Documents\Учимся\Django\FORUM_PRJ\venv\Lib\site-packages\django\core\handlers\base.py", line 220, in _get_response
    response = response.render()
               ^^^^^^^^^^^^^^^^^
  File "C:\Users\user\Documents\Учимся\Django\FORUM_PRJ\venv\Lib\site-packages\django\template\response.py", line 114, in render
    self.content = self.rendered_content
                   ^^^^^^^^^^^^^^^^^^^^^
  File "C:\Users\user\Documents\Учимся\Django\FORUM_PRJ\venv\Lib\site-packages\django\template\response.py", line 92, in rendered_content
    return template.render(context, self._request)
           ^^^^^^^^^^^^^^^^^^^^^^^^^^^^^^^^^^^^^^^
  File "C:\Users\user\Documents\Учимся\Django\FORUM_PRJ\venv\Lib\site-packages\django\template\backends\django.py", line 62, in render
    return self.template.render(context)
           ^^^^^^^^^^^^^^^^^^^^^^^^^^^^^
  File "C:\Users\user\Documents\Учимся\Django\FORUM_PRJ\venv\Lib\site-packages\django\template\base.py", line 175, in render
    return self._render(context)
           ^^^^^^^^^^^^^^^^^^^^^
  File "C:\Users\user\Documents\Учимся\Django\FORUM_PRJ\venv\Lib\site-packages\django\template\base.py", line 167, in _render
    return self.nodelist.render(context)
           ^^^^^^^^^^^^^^^^^^^^^^^^^^^^^
  File "C:\Users\user\Documents\Учимся\Django\FORUM_PRJ\venv\Lib\site-packages\django\template\base.py", line 1005, in render
    return SafeString("".join([node.render_annotated(context) for node in self]))
                              ^^^^^^^^^^^^^^^^^^^^^^^^^^^^^^^^^^^^^^^^^^^^^^^^^
  File "C:\Users\user\Documents\Учимся\Django\FORUM_PRJ\venv\Lib\site-packages\django\template\base.py", line 1005, in <listcomp>
    return SafeString("".join([node.render_annotated(context) for node in self]))
                               ^^^^^^^^^^^^^^^^^^^^^^^^^^^^^^
  File "C:\Users\user\Documents\Учимся\Django\FORUM_PRJ\venv\Lib\site-packages\django\template\base.py", line 966, in render_annotated
    return self.render(context)
           ^^^^^^^^^^^^^^^^^^^^
  File "C:\Users\user\Documents\Учимся\Django\FORUM_PRJ\venv\Lib\site-packages\django\template\loader_tags.py", line 157, in render
    return compiled_parent._render(context)
           ^^^^^^^^^^^^^^^^^^^^^^^^^^^^^^^^
  File "C:\Users\user\Documents\Учимся\Django\FORUM_PRJ\venv\Lib\site-packages\django\template\base.py", line 167, in _render
    return self.nodelist.render(context)
           ^^^^^^^^^^^^^^^^^^^^^^^^^^^^^
  File "C:\Users\user\Documents\Учимся\Django\FORUM_PRJ\venv\Lib\site-packages\django\template\base.py", line 1005, in render
    return SafeString("".join([node.render_annotated(context) for node in self]))
                              ^^^^^^^^^^^^^^^^^^^^^^^^^^^^^^^^^^^^^^^^^^^^^^^^^
  File "C:\Users\user\Documents\Учимся\Django\FORUM_PRJ\venv\Lib\site-packages\django\template\base.py", line 1005, in <listcomp>
    return SafeString("".join([node.render_annotated(context) for node in self]))
                               ^^^^^^^^^^^^^^^^^^^^^^^^^^^^^^
  File "C:\Users\user\Documents\Учимся\Django\FORUM_PRJ\venv\Lib\site-packages\django\template\base.py", line 966, in render_annotated
    return self.render(context)
           ^^^^^^^^^^^^^^^^^^^^
  File "C:\Users\user\Documents\Учимся\Django\FORUM_PRJ\venv\Lib\site-packages\django\template\loader_tags.py", line 63, in render
    result = block.nodelist.render(context)
             ^^^^^^^^^^^^^^^^^^^^^^^^^^^^^^
  File "C:\Users\user\Documents\Учимся\Django\FORUM_PRJ\venv\Lib\site-packages\django\template\base.py", line 1005, in render
    return SafeString("".join([node.render_annotated(context) for node in self]))
                              ^^^^^^^^^^^^^^^^^^^^^^^^^^^^^^^^^^^^^^^^^^^^^^^^^
  File "C:\Users\user\Documents\Учимся\Django\FORUM_PRJ\venv\Lib\site-packages\django\template\base.py", line 1005, in <listcomp>
    return SafeString("".join([node.render_annotated(context) for node in self]))
                               ^^^^^^^^^^^^^^^^^^^^^^^^^^^^^^
  File "C:\Users\user\Documents\Учимся\Django\FORUM_PRJ\venv\Lib\site-packages\django\template\base.py", line 966, in render_annotated
    return self.render(context)
           ^^^^^^^^^^^^^^^^^^^^
  File "C:\Users\user\Documents\Учимся\Django\FORUM_PRJ\venv\Lib\site-packages\django\template\defaulttags.py", line 472, in render
    url = reverse(view_name, args=args, kwargs=kwargs, current_app=current_app)
          ^^^^^^^^^^^^^^^^^^^^^^^^^^^^^^^^^^^^^^^^^^^^^^^^^^^^^^^^^^^^^^^^^^^^^
  File "C:\Users\user\Documents\Учимся\Django\FORUM_PRJ\venv\Lib\site-packages\django\urls\base.py", line 88, in reverse
    return resolver._reverse_with_prefix(view, prefix, *args, **kwargs)
           ^^^^^^^^^^^^^^^^^^^^^^^^^^^^^^^^^^^^^^^^^^^^^^^^^^^^^^^^^^^^
  File "C:\Users\user\Documents\Учимся\Django\FORUM_PRJ\venv\Lib\site-packages\django\urls\resolvers.py", line 828, in _reverse_with_prefix
    raise NoReverseMatch(msg)
django.urls.exceptions.NoReverseMatch: Reverse for 'detail_post' with arguments '('',)' not found. 1 pattern(s) tried: ['post/(?P<pk>[0-9]+)\\Z']
ERROR 2023-03-30 14:22:43 "GET /post/30/add_comment HTTP/1.1" 500 163866
INFO 2023-03-30 14:31:25 "GET /post/30/add_comment HTTP/1.1" 200 2094
INFO 2023-03-30 14:31:31 "GET /logout/ HTTP/1.1" 200 1826
INFO 2023-03-30 14:31:33 "GET /login/ HTTP/1.1" 200 2769
INFO 2023-03-30 14:33:37 "GET /register HTTP/1.1" 200 3871
INFO 2023-03-30 14:34:19 "GET /register HTTP/1.1" 200 2069
INFO 2023-03-30 14:34:37 "GET /register HTTP/1.1" 200 3924
INFO 2023-03-30 14:37:54 "GET /register HTTP/1.1" 200 3035
INFO 2023-03-30 14:38:57 "GET /register HTTP/1.1" 200 2915
INFO 2023-03-30 14:39:23 "GET /register HTTP/1.1" 200 2841
INFO 2023-03-30 14:39:36 "GET / HTTP/1.1" 200 2965
INFO 2023-03-30 14:39:38 "GET /register HTTP/1.1" 200 2841
INFO 2023-03-30 14:39:51 "GET /register HTTP/1.1" 200 3871
INFO 2023-03-30 14:42:55 "GET /register HTTP/1.1" 200 5062
INFO 2023-03-30 14:44:13 "GET /register HTTP/1.1" 200 3871
INFO 2023-03-30 14:44:20 "GET /login/ HTTP/1.1" 200 2769
INFO 2023-03-30 14:44:24 "POST /login/ HTTP/1.1" 302 0
INFO 2023-03-30 14:44:24 "GET / HTTP/1.1" 200 3233
INFO 2023-03-30 14:44:27 "GET /post/26 HTTP/1.1" 200 2906
INFO 2023-03-30 14:44:29 "GET /update_post/26 HTTP/1.1" 200 2570
INFO 2023-03-30 14:46:41 "GET /update_post/26 HTTP/1.1" 200 2570
INFO 2023-03-30 14:53:25 "GET /update_post/26 HTTP/1.1" 200 2486
WARNING 2023-03-30 14:53:25 Not Found: /favicon.ico
INFO 2023-03-30 14:53:25 - Broken pipe from ('127.0.0.1', 50791)
INFO 2023-03-30 15:07:31 "GET /update_post/26 HTTP/1.1" 200 2570
WARNING 2023-03-30 15:07:31 Not Found: /favicon.ico
INFO 2023-03-30 15:07:31 - Broken pipe from ('127.0.0.1', 53116)
INFO 2023-03-30 15:09:22 "GET /update_post/26 HTTP/1.1" 200 2440
WARNING 2023-03-30 15:09:22 Not Found: /favicon.ico
INFO 2023-03-30 15:09:22 - Broken pipe from ('127.0.0.1', 53436)
INFO 2023-03-30 15:09:29 "GET /update_post/26 HTTP/1.1" 200 2440
WARNING 2023-03-30 15:09:44 Forbidden (CSRF token missing.): /update_post/26
WARNING 2023-03-30 15:09:44 "POST /update_post/26 HTTP/1.1" 403 2506
INFO 2023-03-30 15:09:47 "GET /update_post/26 HTTP/1.1" 200 2440
INFO 2023-03-30 15:11:58 C:\Users\user\Documents\Учимся\Django\FORUM_PRJ\service\forms.py changed, reloading.
INFO 2023-03-30 15:11:59 Watching for file changes with StatReloader
INFO 2023-03-30 15:12:04 C:\Users\user\Documents\Учимся\Django\FORUM_PRJ\service\forms.py changed, reloading.
INFO 2023-03-30 15:12:04 Watching for file changes with StatReloader
INFO 2023-03-30 15:12:09 C:\Users\user\Documents\Учимся\Django\FORUM_PRJ\service\forms.py changed, reloading.
INFO 2023-03-30 15:12:10 Watching for file changes with StatReloader
INFO 2023-03-30 15:12:14 C:\Users\user\Documents\Учимся\Django\FORUM_PRJ\service\forms.py changed, reloading.
INFO 2023-03-30 15:12:14 Watching for file changes with StatReloader
INFO 2023-03-30 15:12:17 C:\Users\user\Documents\Учимся\Django\FORUM_PRJ\service\forms.py changed, reloading.
INFO 2023-03-30 15:12:18 Watching for file changes with StatReloader
INFO 2023-03-30 15:13:00 "GET /update_post/26 HTTP/1.1" 200 2570
INFO 2023-03-30 15:13:14 "GET /update_post/26 HTTP/1.1" 200 2570
INFO 2023-03-30 15:13:29 C:\Users\user\Documents\Учимся\Django\FORUM_PRJ\service\forms.py changed, reloading.
INFO 2023-03-30 15:13:30 Watching for file changes with StatReloader
INFO 2023-03-30 15:13:31 "GET /update_post/26 HTTP/1.1" 200 2549
INFO 2023-03-30 15:13:50 C:\Users\user\Documents\Учимся\Django\FORUM_PRJ\service\forms.py changed, reloading.
INFO 2023-03-30 15:13:51 Watching for file changes with StatReloader
INFO 2023-03-30 15:13:54 "GET /update_post/26 HTTP/1.1" 200 2570
INFO 2023-03-30 15:14:00 C:\Users\user\Documents\Учимся\Django\FORUM_PRJ\service\forms.py changed, reloading.
INFO 2023-03-30 15:14:01 Watching for file changes with StatReloader
INFO 2023-03-30 15:14:03 C:\Users\user\Documents\Учимся\Django\FORUM_PRJ\service\forms.py changed, reloading.
INFO 2023-03-30 15:14:04 Watching for file changes with StatReloader
INFO 2023-03-30 15:14:05 "GET /update_post/26 HTTP/1.1" 200 2549
INFO 2023-03-30 15:14:12 C:\Users\user\Documents\Учимся\Django\FORUM_PRJ\service\forms.py changed, reloading.
INFO 2023-03-30 15:14:13 Watching for file changes with StatReloader
INFO 2023-03-30 15:14:43 C:\Users\user\Documents\Учимся\Django\FORUM_PRJ\service\forms.py changed, reloading.
INFO 2023-03-30 15:14:44 Watching for file changes with StatReloader
INFO 2023-03-30 15:14:49 C:\Users\user\Documents\Учимся\Django\FORUM_PRJ\service\forms.py changed, reloading.
INFO 2023-03-30 15:14:50 Watching for file changes with StatReloader
INFO 2023-03-30 15:14:54 C:\Users\user\Documents\Учимся\Django\FORUM_PRJ\service\forms.py changed, reloading.
INFO 2023-03-30 15:14:55 Watching for file changes with StatReloader
INFO 2023-03-30 15:14:58 C:\Users\user\Documents\Учимся\Django\FORUM_PRJ\service\forms.py changed, reloading.
INFO 2023-03-30 15:14:59 Watching for file changes with StatReloader
INFO 2023-03-30 15:15:24 C:\Users\user\Documents\Учимся\Django\FORUM_PRJ\service\forms.py changed, reloading.
INFO 2023-03-30 15:15:25 Watching for file changes with StatReloader
INFO 2023-03-30 15:15:28 "GET /update_post/26 HTTP/1.1" 200 2597
INFO 2023-03-30 15:15:55 C:\Users\user\Documents\Учимся\Django\FORUM_PRJ\service\forms.py changed, reloading.
INFO 2023-03-30 15:15:56 Watching for file changes with StatReloader
INFO 2023-03-30 15:16:09 Watching for file changes with StatReloader
INFO 2023-03-30 15:21:48 Watching for file changes with StatReloader
INFO 2023-03-30 15:21:52 "GET /update_post/26 HTTP/1.1" 200 2570
INFO 2023-03-30 15:24:37 "GET /update_post/26 HTTP/1.1" 200 2486
INFO 2023-03-30 15:24:42 - Broken pipe from ('127.0.0.1', 56015)
INFO 2023-03-30 15:25:07 "GET /update_post/26 HTTP/1.1" 200 2570
INFO 2023-03-30 15:25:25 "GET /update_post/26 HTTP/1.1" 302 0
INFO 2023-03-30 15:25:25 "GET /login/?next=/update_post/26 HTTP/1.1" 200 2769
INFO 2023-03-30 15:27:47 "GET /post/26 HTTP/1.1" 200 2921
INFO 2023-03-30 15:30:00 "GET /update_post/26 HTTP/1.1" 200 2642
INFO 2023-03-30 15:30:12 "POST /update_post/26 HTTP/1.1" 302 0
INFO 2023-03-30 15:30:12 "GET / HTTP/1.1" 200 3233
INFO 2023-03-30 15:30:14 "GET /post/30 HTTP/1.1" 200 2339
INFO 2023-03-30 15:30:14 "GET /media/1136s_QuTVOGX.jpg HTTP/1.1" 200 28219
INFO 2023-03-30 15:30:19 - Broken pipe from ('127.0.0.1', 56961)
INFO 2023-03-30 15:30:20 "GET /post/26 HTTP/1.1" 200 2961
INFO 2023-03-30 15:30:20 "GET /media/1-1.png HTTP/1.1" 200 518629
INFO 2023-03-30 15:31:51 "GET / HTTP/1.1" 200 3233
INFO 2023-03-30 15:31:52 "GET /post/30 HTTP/1.1" 200 2339
INFO 2023-03-30 15:31:54 "GET /update_post/30 HTTP/1.1" 200 2453
INFO 2023-03-30 15:32:16 "GET /update_post/30 HTTP/1.1" 200 2453
INFO 2023-03-30 15:34:31 "GET /update_post/30 HTTP/1.1" 200 2455
INFO 2023-03-30 15:35:17 "GET /update_post/30 HTTP/1.1" 200 2485
INFO 2023-03-30 15:35:58 "GET /update_post/30 HTTP/1.1" 200 2453
INFO 2023-03-30 15:36:23 "GET /update_post/30 HTTP/1.1" 200 2441
INFO 2023-03-30 15:36:37 "GET /update_post/30 HTTP/1.1" 200 2453
INFO 2023-03-30 15:36:46 "GET /update_post/30 HTTP/1.1" 200 2440
INFO 2023-03-30 15:36:58 "GET /update_post/30 HTTP/1.1" 200 2423
INFO 2023-03-30 15:37:44 Watching for file changes with StatReloader
INFO 2023-03-30 15:37:53 "GET /update_post/30 HTTP/1.1" 200 2453
INFO 2023-03-30 15:38:28 "GET /update_post/30 HTTP/1.1" 200 2453
INFO 2023-03-30 15:38:37 "GET / HTTP/1.1" 200 3233
INFO 2023-03-30 15:38:39 "GET /post/26 HTTP/1.1" 200 2961
INFO 2023-03-30 15:38:40 "GET /media/1-1.png HTTP/1.1" 304 0
INFO 2023-03-30 15:38:41 "GET /update_post/26 HTTP/1.1" 200 2453
INFO 2023-03-30 15:39:08 "GET /update_post/26 HTTP/1.1" 200 2445
INFO 2023-03-30 15:39:24 "GET /update_post/26 HTTP/1.1" 200 2445
INFO 2023-03-30 15:39:28 "GET /update_post/26 HTTP/1.1" 200 2445
INFO 2023-03-30 15:39:52 "GET /update_post/26 HTTP/1.1" 200 2735
INFO 2023-03-30 15:40:00 "GET / HTTP/1.1" 200 3233
INFO 2023-03-30 15:40:01 "GET /post/30 HTTP/1.1" 200 2339
INFO 2023-03-30 15:40:02 "GET /media/1136s_QuTVOGX.jpg HTTP/1.1" 200 28219
INFO 2023-03-30 15:40:03 "GET /update_post/30 HTTP/1.1" 200 2746
INFO 2023-03-30 15:40:17 "POST /update_post/30 HTTP/1.1" 302 0
INFO 2023-03-30 15:40:17 "GET / HTTP/1.1" 200 3233
INFO 2023-03-30 15:40:21 "GET /post/26 HTTP/1.1" 200 2961
INFO 2023-03-30 15:40:21 "GET /media/1-1.png HTTP/1.1" 304 0
INFO 2023-03-30 15:40:27 "GET /post/26 HTTP/1.1" 200 2961
INFO 2023-03-30 15:40:29 "GET /post/30 HTTP/1.1" 200 2327
INFO 2023-03-30 15:40:29 "GET /media/1.png HTTP/1.1" 200 580
INFO 2023-03-30 15:40:46 "GET /logout/ HTTP/1.1" 200 1826
INFO 2023-03-30 15:40:48 "GET / HTTP/1.1" 200 2965
INFO 2023-03-30 15:40:50 "GET /update_post/30 HTTP/1.1" 302 0
INFO 2023-03-30 15:40:50 "GET /login/?next=/update_post/30 HTTP/1.1" 200 2769
INFO 2023-03-30 15:41:01 "GET /upload HTTP/1.1" 200 2006
INFO 2023-03-30 15:41:08 "GET /download HTTP/1.1" 200 119
INFO 2023-03-30 15:41:53 "GET / HTTP/1.1" 200 2965
INFO 2023-03-30 15:41:56 "GET /upload HTTP/1.1" 200 2006
INFO 2023-03-30 15:42:00 "GET /download HTTP/1.1" 200 119
INFO 2023-03-30 15:42:04 "GET /post/30 HTTP/1.1" 200 2342
INFO 2023-03-30 15:42:04 "GET /media/1.png HTTP/1.1" 304 0
INFO 2023-03-30 15:42:11 "GET /post/30/add_comment HTTP/1.1" 302 0
INFO 2023-03-30 15:42:11 "GET /login/?next=/post/30/add_comment HTTP/1.1" 200 2769
INFO 2023-03-30 15:42:15 "POST /login/?next=/post/30/add_comment HTTP/1.1" 302 0
INFO 2023-03-30 15:42:15 "GET /post/30/add_comment HTTP/1.1" 200 2094
INFO 2023-03-30 15:42:47 "GET / HTTP/1.1" 200 2950
INFO 2023-03-30 15:42:48 "GET /post/26 HTTP/1.1" 200 2961
INFO 2023-03-30 15:42:48 "GET /media/1-1.png HTTP/1.1" 304 0
INFO 2023-03-30 15:42:51 "GET /post/30 HTTP/1.1" 200 2327
INFO 2023-03-30 15:42:51 "GET /media/1.png HTTP/1.1" 304 0
INFO 2023-03-30 15:42:56 "GET /post/26 HTTP/1.1" 200 2961
INFO 2023-03-30 15:43:04 "GET /update_post/30 HTTP/1.1" 200 2722
INFO 2023-03-30 15:43:11 "GET /post/30 HTTP/1.1" 200 2327
INFO 2023-03-30 15:43:11 "GET /media/1.png HTTP/1.1" 304 0
INFO 2023-03-30 15:43:12 "GET /post/30/add_comment HTTP/1.1" 200 2094
INFO 2023-03-30 15:44:19 Watching for file changes with StatReloader
INFO 2023-03-30 15:44:26 "GET / HTTP/1.1" 200 2950
INFO 2023-03-30 15:44:27 "GET /post/30 HTTP/1.1" 200 2327
INFO 2023-03-30 15:44:28 "GET /media/1.png HTTP/1.1" 304 0
INFO 2023-03-30 15:44:30 "GET /post/30/add_comment HTTP/1.1" 200 2094
INFO 2023-03-30 15:44:47 "GET / HTTP/1.1" 200 2950
INFO 2023-03-30 15:44:48 "GET /post/30 HTTP/1.1" 200 2327
INFO 2023-03-30 15:44:52 "GET /post/26 HTTP/1.1" 200 2961
INFO 2023-03-30 15:44:52 "GET /media/1-1.png HTTP/1.1" 304 0
INFO 2023-03-30 15:45:52 "GET / HTTP/1.1" 200 2950
INFO 2023-03-30 15:45:55 "GET /post/30 HTTP/1.1" 200 2327
INFO 2023-03-30 15:45:55 "GET /media/1.png HTTP/1.1" 304 0
INFO 2023-03-30 15:45:57 "GET /post/30/add_comment HTTP/1.1" 200 2094
INFO 2023-03-30 15:46:01 "GET /logout/ HTTP/1.1" 200 1826
INFO 2023-03-30 15:46:03 "GET /login/ HTTP/1.1" 200 2769
INFO 2023-03-30 15:46:06 "POST /login/ HTTP/1.1" 302 0
INFO 2023-03-30 15:46:06 "GET / HTTP/1.1" 200 3233
INFO 2023-03-30 15:46:07 "GET /post/26 HTTP/1.1" 200 2961
INFO 2023-03-30 15:46:10 "GET /post/26/add_comment HTTP/1.1" 200 2094
INFO 2023-03-30 15:46:27 C:\Users\user\Documents\Учимся\Django\FORUM_PRJ\service\models.py changed, reloading.
INFO 2023-03-30 15:46:28 Watching for file changes with StatReloader
INFO 2023-03-30 15:46:30 "GET /post/26/add_comment HTTP/1.1" 200 2094
INFO 2023-03-30 15:46:39 C:\Users\user\Documents\Учимся\Django\FORUM_PRJ\service\models.py changed, reloading.
INFO 2023-03-30 15:46:40 Watching for file changes with StatReloader
INFO 2023-03-30 15:46:42 C:\Users\user\Documents\Учимся\Django\FORUM_PRJ\service\forms.py changed, reloading.
INFO 2023-03-30 15:46:43 Watching for file changes with StatReloader
INFO 2023-03-30 15:47:05 Watching for file changes with StatReloader
INFO 2023-03-30 15:47:10 "GET /post/26/add_comment HTTP/1.1" 200 2094
INFO 2023-03-30 15:47:45 "GET /post/26/add_comment HTTP/1.1" 200 2104
INFO 2023-03-30 15:47:46 "POST /post/26/add_comment HTTP/1.1" 302 0
INFO 2023-03-30 15:47:46 "GET / HTTP/1.1" 200 3233
INFO 2023-03-30 15:48:13 "GET /post/30 HTTP/1.1" 200 2327
INFO 2023-03-30 15:48:13 "GET /media/1.png HTTP/1.1" 304 0
INFO 2023-03-30 15:48:22 "GET / HTTP/1.1" 200 3233
INFO 2023-03-30 15:57:17 Watching for file changes with StatReloader
INFO 2023-03-30 15:57:19 "GET /post/30 HTTP/1.1" 200 2327
INFO 2023-03-30 15:57:19 "GET /media/1.png HTTP/1.1" 200 580
WARNING 2023-03-30 15:57:19 Not Found: /favicon.ico
INFO 2023-03-30 15:57:19 - Broken pipe from ('127.0.0.1', 61750)
INFO 2023-03-30 15:57:29 "GET /post/30/add_comment HTTP/1.1" 200 2104
INFO 2023-03-30 15:57:33 "GET / HTTP/1.1" 200 3233
INFO 2023-03-30 15:57:35 "GET /post/30 HTTP/1.1" 200 2327
INFO 2023-03-30 15:57:38 "GET /about HTTP/1.1" 200 2344
INFO 2023-03-31 13:02:55 Watching for file changes with StatReloader
INFO 2023-03-31 13:03:10 "GET / HTTP/1.1" 200 3233
INFO 2023-03-31 13:03:13 "GET /post/30 HTTP/1.1" 200 2327
INFO 2023-03-31 13:03:13 "GET /media/1.png HTTP/1.1" 200 580
INFO 2023-03-31 13:03:14 "GET /update_post/30 HTTP/1.1" 200 2722
INFO 2023-03-31 13:05:51 C:\Users\user\Documents\Учимся\Django\FORUM_PRJ\service\forms.py changed, reloading.
INFO 2023-03-31 13:05:52 Watching for file changes with StatReloader
INFO 2023-03-31 13:06:33 C:\Users\user\Documents\Учимся\Django\FORUM_PRJ\service\forms.py changed, reloading.
INFO 2023-03-31 13:06:34 Watching for file changes with StatReloader
INFO 2023-03-31 13:06:38 C:\Users\user\Documents\Учимся\Django\FORUM_PRJ\service\forms.py changed, reloading.
INFO 2023-03-31 13:06:38 Watching for file changes with StatReloader
INFO 2023-03-31 13:06:40 C:\Users\user\Documents\Учимся\Django\FORUM_PRJ\service\forms.py changed, reloading.
INFO 2023-03-31 13:06:41 Watching for file changes with StatReloader
INFO 2023-03-31 13:07:29 C:\Users\user\Documents\Учимся\Django\FORUM_PRJ\service\forms.py changed, reloading.
INFO 2023-03-31 13:07:30 Watching for file changes with StatReloader
INFO 2023-03-31 13:07:35 C:\Users\user\Documents\Учимся\Django\FORUM_PRJ\service\forms.py changed, reloading.
INFO 2023-03-31 13:07:36 Watching for file changes with StatReloader
INFO 2023-03-31 13:07:39 C:\Users\user\Documents\Учимся\Django\FORUM_PRJ\service\forms.py changed, reloading.
INFO 2023-03-31 13:07:40 Watching for file changes with StatReloader
INFO 2023-03-31 13:07:43 C:\Users\user\Documents\Учимся\Django\FORUM_PRJ\service\forms.py changed, reloading.
INFO 2023-03-31 13:07:44 Watching for file changes with StatReloader
INFO 2023-03-31 13:07:46 C:\Users\user\Documents\Учимся\Django\FORUM_PRJ\service\forms.py changed, reloading.
INFO 2023-03-31 13:07:46 Watching for file changes with StatReloader
INFO 2023-03-31 13:07:48 C:\Users\user\Documents\Учимся\Django\FORUM_PRJ\service\forms.py changed, reloading.
INFO 2023-03-31 13:07:49 Watching for file changes with StatReloader
INFO 2023-03-31 13:08:53 C:\Users\user\Documents\Учимся\Django\FORUM_PRJ\service\forms.py changed, reloading.
INFO 2023-03-31 13:08:53 Watching for file changes with StatReloader
INFO 2023-03-31 13:09:08 C:\Users\user\Documents\Учимся\Django\FORUM_PRJ\service\forms.py changed, reloading.
INFO 2023-03-31 13:09:09 Watching for file changes with StatReloader
INFO 2023-03-31 13:09:12 C:\Users\user\Documents\Учимся\Django\FORUM_PRJ\service\forms.py changed, reloading.
INFO 2023-03-31 13:09:12 Watching for file changes with StatReloader
INFO 2023-03-31 13:09:25 C:\Users\user\Documents\Учимся\Django\FORUM_PRJ\service\forms.py changed, reloading.
INFO 2023-03-31 13:09:26 Watching for file changes with StatReloader
INFO 2023-03-31 13:09:28 C:\Users\user\Documents\Учимся\Django\FORUM_PRJ\service\forms.py changed, reloading.
INFO 2023-03-31 13:09:29 Watching for file changes with StatReloader
INFO 2023-03-31 13:09:31 C:\Users\user\Documents\Учимся\Django\FORUM_PRJ\service\forms.py changed, reloading.
INFO 2023-03-31 13:09:32 Watching for file changes with StatReloader
INFO 2023-03-31 13:09:34 C:\Users\user\Documents\Учимся\Django\FORUM_PRJ\service\forms.py changed, reloading.
INFO 2023-03-31 13:09:35 Watching for file changes with StatReloader
INFO 2023-03-31 13:10:07 C:\Users\user\Documents\Учимся\Django\FORUM_PRJ\service\forms.py changed, reloading.
INFO 2023-03-31 13:10:08 Watching for file changes with StatReloader
INFO 2023-03-31 13:10:11 C:\Users\user\Documents\Учимся\Django\FORUM_PRJ\service\forms.py changed, reloading.
INFO 2023-03-31 13:10:12 Watching for file changes with StatReloader
INFO 2023-03-31 13:12:18 C:\Users\user\Documents\Учимся\Django\FORUM_PRJ\service\forms.py changed, reloading.
INFO 2023-03-31 13:12:19 Watching for file changes with StatReloader
INFO 2023-03-31 13:12:23 C:\Users\user\Documents\Учимся\Django\FORUM_PRJ\service\forms.py changed, reloading.
INFO 2023-03-31 13:12:24 Watching for file changes with StatReloader
INFO 2023-03-31 13:12:26 C:\Users\user\Documents\Учимся\Django\FORUM_PRJ\service\forms.py changed, reloading.
INFO 2023-03-31 13:12:27 Watching for file changes with StatReloader
INFO 2023-03-31 13:12:44 C:\Users\user\Documents\Учимся\Django\FORUM_PRJ\service\forms.py changed, reloading.
INFO 2023-03-31 13:12:45 Watching for file changes with StatReloader
INFO 2023-03-31 13:12:47 C:\Users\user\Documents\Учимся\Django\FORUM_PRJ\service\forms.py changed, reloading.
INFO 2023-03-31 13:12:48 Watching for file changes with StatReloader
INFO 2023-03-31 13:12:52 C:\Users\user\Documents\Учимся\Django\FORUM_PRJ\service\forms.py changed, reloading.
INFO 2023-03-31 13:12:53 Watching for file changes with StatReloader
INFO 2023-03-31 13:13:04 C:\Users\user\Documents\Учимся\Django\FORUM_PRJ\service\forms.py changed, reloading.
INFO 2023-03-31 13:13:05 Watching for file changes with StatReloader
INFO 2023-03-31 13:13:36 C:\Users\user\Documents\Учимся\Django\FORUM_PRJ\service\forms.py changed, reloading.
INFO 2023-03-31 13:13:37 Watching for file changes with StatReloader
INFO 2023-03-31 13:13:44 "GET /update_post/30 HTTP/1.1" 200 2771
WARNING 2023-03-31 13:13:44 Not Found: /favicon.ico
INFO 2023-03-31 13:13:44 - Broken pipe from ('127.0.0.1', 52292)
INFO 2023-03-31 13:17:30 "GET /create_post HTTP/1.1" 200 2552
INFO 2023-03-31 13:17:38 "POST /create_post HTTP/1.1" 302 0
INFO 2023-03-31 13:17:39 "GET / HTTP/1.1" 200 3847
INFO 2023-03-31 13:17:42 "GET /post/31 HTTP/1.1" 200 2013
INFO 2023-03-31 13:17:44 "GET /update_post/31 HTTP/1.1" 200 2567
INFO 2023-03-31 13:18:10 "GET /post/31 HTTP/1.1" 200 2013
INFO 2023-03-31 13:18:11 "GET /update_post/31 HTTP/1.1" 200 2567
INFO 2023-03-31 13:18:16 "GET /post/30 HTTP/1.1" 200 2327
INFO 2023-03-31 13:18:18 "GET /update_post/30 HTTP/1.1" 200 2771
